<?xml version="1.0" encoding="UTF-8"?>
<testng-results ignored="0" total="3" passed="3" failed="0" skipped="0">
  <reporter-output>
  </reporter-output>
  <suite started-at="2023-01-03T18:31:49 IST" name="Default suite" finished-at="2023-01-03T18:31:53 IST" duration-ms="4377">
    <groups>
    </groups>
    <test started-at="2023-01-03T18:31:49 IST" name="Default test" finished-at="2023-01-03T18:31:53 IST" duration-ms="4377">
      <class name="rest_assured.Class_02">
        <test-method signature="Create_Board()[pri:0, instance:rest_assured.Class_02@36c88a32]" started-at="2023-01-03T18:31:49 IST" name="Create_Board" finished-at="2023-01-03T18:31:51 IST" duration-ms="2542" status="PASS">
          <reporter-output>
          </reporter-output>
        </test-method> <!-- Create_Board -->
        <test-method signature="Get_Boards()[pri:0, instance:rest_assured.Class_02@36c88a32]" started-at="2023-01-03T18:31:51 IST" name="Get_Boards" finished-at="2023-01-03T18:31:52 IST" duration-ms="890" status="PASS">
          <reporter-output>
          </reporter-output>
        </test-method> <!-- Get_Boards -->
        <test-method signature="Update_a_Board()[pri:0, instance:rest_assured.Class_02@36c88a32]" started-at="2023-01-03T18:31:52 IST" name="Update_a_Board" finished-at="2023-01-03T18:31:53 IST" duration-ms="918" status="PASS">
          <reporter-output>
          </reporter-output>
        </test-method> <!-- Update_a_Board -->
      </class> <!-- rest_assured.Class_02 -->
    </test> <!-- Default test -->
  </suite> <!-- Default suite -->
</testng-results>
