<?xml version="1.0" encoding="UTF-8"?>
<!-- Generated by org.testng.reporters.JUnitXMLReporter -->
<testsuite ignored="0" hostname="SugahSugah" failures="0" tests="3" name="Default test" time="4.377" errors="0" timestamp="2023-01-03T18:31:53 IST">
  <testcase classname="rest_assured.Class_02" name="Create_Board" time="2.542"/>
  <testcase classname="rest_assured.Class_02" name="Get_Boards" time="0.89"/>
  <testcase classname="rest_assured.Class_02" name="Update_a_Board" time="0.918"/>
</testsuite> <!-- Default test -->
